noisefit_ryeex_sdk/build/intermediates/manifest_merge_blame_file/debug/manifest-merger-blame-debug-report.txt
1<?xml version="1.0" encoding="utf-8"?>
2<manifest xmlns:android="http://schemas.android.com/apk/res/android"
3    xmlns:tools="http://schemas.android.com/tools"
4    package="com.noisefit_ryeex_sdk" >
5
6    <uses-sdk android:minSdkVersion="23" />
6-->src/main/AndroidManifest.xml
7
8    <uses-permission android:name="android.permission.BLUETOOTH" />
8-->src/main/AndroidManifest.xml:6:5-68
8-->src/main/AndroidManifest.xml:6:22-65
9    <uses-permission android:name="android.permission.BLUETOOTH_ADMIN" />
9-->src/main/AndroidManifest.xml:7:5-74
9-->src/main/AndroidManifest.xml:7:22-71
10    <!-- android 12 -->
11    <uses-permission
11-->src/main/AndroidManifest.xml:9:5-12:31
12        android:name="android.permission.BLUETOOTH_SCAN"
12-->src/main/AndroidManifest.xml:10:9-57
13        android:usesPermissionFlags="neverForLocation"
13-->src/main/AndroidManifest.xml:11:9-55
14        tools:targetApi="s" />
14-->src/main/AndroidManifest.xml:12:9-28
15    <uses-permission android:name="android.permission.BLUETOOTH_CONNECT" />
15-->src/main/AndroidManifest.xml:13:5-76
15-->src/main/AndroidManifest.xml:13:22-73
16
17</manifest>